<?xml version='1.0' encoding='UTF-8'?>
<testsuite hostname="Nicolas.local" name="streams.BloxorzSuite" tests="21" errors="0" failures="0" skipped="0" time="0.407" timestamp="2020-11-13T09:25:03">
                     <properties>
[...]
</properties>
                     <testcase classname="streams.BloxorzSuite" name="terrain function level 1 (10pts)" time="0.061">
                                                 
                                               </testcase><testcase classname="streams.BloxorzSuite" name="find char level 1 (10pts)" time="0.012">
                                                 
                                               </testcase><testcase classname="streams.BloxorzSuite" name="out of bounds check 1 (5pts)" time="0.006">
                                                 
                                               </testcase><testcase classname="streams.BloxorzSuite" name="out of bounds check 2 (5pts)" time="0.004">
                                                 
                                               </testcase><testcase classname="streams.BloxorzSuite" name="out of bounds check 3 (5pts)" time="0.007">
                                                 
                                               </testcase><testcase classname="streams.BloxorzSuite" name="out of bounds check 4 (5pts)" time="0.003">
                                                 
                                               </testcase><testcase classname="streams.BloxorzSuite" name="optimal solution for level 1 (5pts)" time="0.058">
                                                 
                                               </testcase><testcase classname="streams.BloxorzSuite" name="neighbors test (5pts)" time="0.003">
                                                 
                                               </testcase><testcase classname="streams.BloxorzSuite" name="legal neighbors test (5pts)" time="0.003">
                                                 
                                               </testcase><testcase classname="streams.BloxorzSuite" name="neighbors and history test (5pts)" time="0.007">
                                                 
                                               </testcase><testcase classname="streams.BloxorzSuite" name="optimal solution length for level 1 (5pts)" time="0.014">
                                                 
                                               </testcase><testcase classname="streams.BloxorzSuite" name="correct solution for level 1 (5pts)" time="0.045">
                                                 
                                               </testcase><testcase classname="streams.BloxorzSuite" name="optimal solution length for level 3 (5pts)" time="0.028">
                                                 
                                               </testcase><testcase classname="streams.BloxorzSuite" name="correct solution for level 3 (5pts)" time="0.023">
                                                 
                                               </testcase><testcase classname="streams.BloxorzSuite" name="optimal solution length for level 6 (5pts)" time="0.03">
                                                 
                                               </testcase><testcase classname="streams.BloxorzSuite" name="correct solution for level 6 (5pts)" time="0.044">
                                                 
                                               </testcase><testcase classname="streams.BloxorzSuite" name="solution length when no solution is possible (5pts)" time="0.008">
                                                 
                                               </testcase><testcase classname="streams.BloxorzSuite" name="optimal solution length for level 33a (5pts)" time="0.005">
                                                 
                                               </testcase><testcase classname="streams.BloxorzSuite" name="correct solution for level 33a (5pts)" time="0.007">
                                                 
                                               </testcase><testcase classname="streams.BloxorzSuite" name="optimal solution length for level 33b (5pts)" time="0.029">
                                                 
                                               </testcase><testcase classname="streams.BloxorzSuite" name="correct solution for level 33b (5pts)" time="0.01">
                                                 
                                               </testcase>
                     <system-out><![CDATA[]]></system-out>
                     <system-err><![CDATA[]]></system-err>
                   </testsuite>