<?xml version='1.0' encoding='UTF-8'?>
<testsuite hostname="Nicolas.local" name="interpreter.RecursiveLanguageSuite" tests="9" errors="0" failures="0" skipped="0" time="0.069" timestamp="2020-12-03T21:10:51">
                     <properties>
[...]
</properties>
                     <testcase classname="interpreter.RecursiveLanguageSuite" name="gcd" time="0.037">
                                                 
                                               </testcase><testcase classname="interpreter.RecursiveLanguageSuite" name="eval" time="0.004">
                                                 
                                               </testcase><testcase classname="interpreter.RecursiveLanguageSuite" name="freeVars" time="0.004">
                                                 
                                               </testcase><testcase classname="interpreter.RecursiveLanguageSuite" name="alphaConvert" time="0.002">
                                                 
                                               </testcase><testcase classname="interpreter.RecursiveLanguageSuite" name="foldLeft" time="0.004">
                                                 
                                               </testcase><testcase classname="interpreter.RecursiveLanguageSuite" name="foldRight" time="0.006">
                                                 
                                               </testcase><testcase classname="interpreter.RecursiveLanguageSuite" name="simple substitution" time="0.002">
                                                 
                                               </testcase><testcase classname="interpreter.RecursiveLanguageSuite" name="substitution with function capture" time="0.001">
                                                 
                                               </testcase><testcase classname="interpreter.RecursiveLanguageSuite" name="substitution with match capture" time="0.009">
                                                 
                                               </testcase>
                     <system-out><![CDATA[]]></system-out>
                     <system-err><![CDATA[]]></system-err>
                   </testsuite>