<?xml version='1.0' encoding='UTF-8'?>
<testsuite hostname="tsf-436-wpa-5-191.epfl.ch" name="recfun.RecFunSuite" tests="19" errors="0" failures="0" skipped="0" time="0.166" timestamp="2020-09-21T15:09:57">
                     <properties>
[...]
</properties>
                     <testcase classname="recfun.RecFunSuite" name="balance: '(if (zero? x) max (/ 1 x))' is balanced" time="0.054">
                                                 
                                               </testcase><testcase classname="recfun.RecFunSuite" name="balance: 'I told him ...' is balanced" time="0.001">
                                                 
                                               </testcase><testcase classname="recfun.RecFunSuite" name="balance: ':-)' is unbalanced" time="0.001">
                                                 
                                               </testcase><testcase classname="recfun.RecFunSuite" name="balance: counting is not enough" time="0.002">
                                                 
                                               </testcase><testcase classname="recfun.RecFunSuite" name="balance: corner cases" time="0.005">
                                                 
                                               </testcase><testcase classname="recfun.RecFunSuite" name="countChange: example given in instructions" time="0.002">
                                                 
                                               </testcase><testcase classname="recfun.RecFunSuite" name="countChange: sorted CHF" time="0.006">
                                                 
                                               </testcase><testcase classname="recfun.RecFunSuite" name="countChange: no pennies" time="0.002">
                                                 
                                               </testcase><testcase classname="recfun.RecFunSuite" name="countChange: unsorted CHF" time="0.001">
                                                 
                                               </testcase><testcase classname="recfun.RecFunSuite" name="countChange: no coins" time="0.001">
                                                 
                                               </testcase><testcase classname="recfun.RecFunSuite" name="countChange: coins can be reused" time="0.001">
                                                 
                                               </testcase><testcase classname="recfun.RecFunSuite" name="countChange: requested money is not necessarily a multiple of smallest denomination" time="0.006">
                                                 
                                               </testcase><testcase classname="recfun.RecFunSuite" name="countChange: coins can be reused and requested money is not necessarily a multiple of smallest denomination" time="0.004">
                                                 
                                               </testcase><testcase classname="recfun.RecFunSuite" name="pascal: col=0,row=2" time="0.001">
                                                 
                                               </testcase><testcase classname="recfun.RecFunSuite" name="pascal: col=1,row=2" time="0.001">
                                                 
                                               </testcase><testcase classname="recfun.RecFunSuite" name="pascal: col=1,row=3" time="0.001">
                                                 
                                               </testcase><testcase classname="recfun.RecFunSuite" name="pascal: base cases" time="0.002">
                                                 
                                               </testcase><testcase classname="recfun.RecFunSuite" name="pascal: symmetry" time="0.069">
                                                 
                                               </testcase><testcase classname="recfun.RecFunSuite" name="pascal: integers" time="0.006">
                                                 
                                               </testcase>
                     <system-out><![CDATA[]]></system-out>
                     <system-err><![CDATA[]]></system-err>
                   </testsuite>